<?xml version="1.0" encoding="UTF-8"?>
<!-- Generated by org.testng.reporters.JUnitXMLReporter -->
<testsuite ignored="0" hostname="DESKTOP-NABULGQ" failures="0" tests="3" name="Default test" time="13.754" errors="0" timestamp="2023-05-23T16:01:05 IST">
  <testcase classname="com.testng.suite.Suite_TestNG" name="openBing" time="8.81"/>
  <testcase classname="com.testng.suite.Suite_TestNG" name="openGoogle" time="2.469"/>
  <testcase classname="com.testng.suite.Suite_TestNG" name="openYahoo" time="2.126"/>
</testsuite> <!-- Default test -->
