<?xml version="1.0" encoding="UTF-8"?>
<!-- Generated by org.testng.reporters.JUnitXMLReporter -->
<testsuite ignored="1" hostname="DESKTOP-NABULGQ" failures="0" tests="5" name="Default test" time="0.103" errors="0" timestamp="2023-05-23T15:14:45 IST">
  <testcase classname="com.testng.skiptest.TestNG_Skip" name="carStart" time="0.016"/>
  <testcase classname="com.testng.skiptest.TestNG_Skip" name="gearOne" time="0.003"/>
  <testcase classname="com.testng.skiptest.TestNG_Skip" name="gearTwo" time="0.004"/>
  <testcase classname="com.testng.skiptest.TestNG_Skip" name="gearThree" time="0.003"/>
  <testcase classname="com.testng.skiptest.TestNG_Skip" name="gearFour" time="0.005"/>
  <testcase classname="com.testng.skiptest.TestNG_Skip" name="musicOn" time="0.0">
    <ignored/>
  </testcase> <!-- musicOn -->
</testsuite> <!-- Default test -->
