<?xml version="1.0" encoding="UTF-8"?>
<testng-results ignored="0" total="1" passed="1" failed="0" skipped="0">
  <reporter-output>
  </reporter-output>
  <suite started-at="2023-05-23T18:47:50 IST" name="Listeners" finished-at="2023-05-23T18:47:50 IST" duration-ms="72">
    <groups>
    </groups>
    <test started-at="2023-05-23T18:47:50 IST" name="Listeners" finished-at="2023-05-23T18:47:50 IST" duration-ms="72">
      <class name="com.testng.listeners.Listeners_TestNG_Example">
        <test-method signature="firstTestCase()[pri:0, instance:com.testng.listeners.Listeners_TestNG_Example@5562c41e]" started-at="2023-05-23T18:47:50 IST" name="firstTestCase" finished-at="2023-05-23T18:47:50 IST" duration-ms="18" status="PASS">
          <reporter-output>
          </reporter-output>
        </test-method> <!-- firstTestCase -->
      </class> <!-- com.testng.listeners.Listeners_TestNG_Example -->
    </test> <!-- Listeners -->
  </suite> <!-- Listeners -->
</testng-results>
